<?xml version="1.0" encoding="UTF-8"?>
<testng-results skipped="0" failed="0" total="1" passed="1">
  <reporter-output>
  </reporter-output>
  <suite name="Default suite" duration-ms="30" started-at="2014-09-01T05:17:08Z" finished-at="2014-09-01T05:17:08Z">
    <groups>
    </groups>
    <test name="Default test" duration-ms="30" started-at="2014-09-01T05:17:08Z" finished-at="2014-09-01T05:17:08Z">
      <class name="testlink.tc1">
        <test-method status="PASS" signature="test1()[pri:0, instance:testlink.tc1@6ffb110e]" name="test1" duration-ms="15" started-at="2014-09-01T13:17:08Z" finished-at="2014-09-01T13:17:08Z">
          <reporter-output>
          </reporter-output>
        </test-method> <!-- test1 -->
      </class> <!-- testlink.tc1 -->
    </test> <!-- Default test -->
  </suite> <!-- Default suite -->
</testng-results>
